<?xml version="1.0" encoding="UTF-8"?>
<!-- Generated by org.testng.reporters.JUnitReportReporter -->
<testsuite skipped="0" hostname="LAPTOP-M6I20NH8" name="com.nopcommerce.testCases.TC_LoginTest_001" tests="1" failures="0" timestamp="2021-02-03T10:42:21 IST" time="27.124" errors="0">
  <testcase name="loginTest" time="27.124" classname="com.nopcommerce.testCases.TC_LoginTest_001"/>
  <system-out/>
</testsuite> <!-- com.nopcommerce.testCases.TC_LoginTest_001 -->
